<?xml version="1.0" encoding="UTF-8"?>
<testng-results skipped="0" failed="0" total="1" passed="1">
    <reporter-output>
    </reporter-output>
    <suite name="Default suite" duration-ms="3047" started-at="2021-10-21T11:56:43Z" finished-at="2021-10-21T11:56:47Z">
        <groups>
            <group name="cucumber">
                <method signature="AbstractTestNGCucumberTests.feature(cucumber.api.testng.CucumberFeatureWrapper)[pri:0, instance:cucumber.Runner.TestRunner@77cd7a0]"
                        name="feature" class="cucumber.api.testng.AbstractTestNGCucumberTests"/>
            </group> <!-- cucumber -->
        </groups>
        <test name="Default test" duration-ms="3047" started-at="2021-10-21T11:56:43Z"
              finished-at="2021-10-21T11:56:47Z">
            <class name="cucumber.Runner.TestRunner">
                <test-method status="PASS" signature="setUpClass()[pri:0, instance:cucumber.Runner.TestRunner@77cd7a0]"
                             name="setUpClass" is-config="true" duration-ms="158" started-at="2021-10-21T17:26:43Z"
                             finished-at="2021-10-21T17:26:44Z">
                    <reporter-output>
                    </reporter-output>
                </test-method> <!-- setUpClass -->
                <test-method status="PASS"
                             signature="feature(cucumber.api.testng.CucumberFeatureWrapper)[pri:0, instance:cucumber.Runner.TestRunner@77cd7a0]"
                             name="feature" duration-ms="2625" started-at="2021-10-21T17:26:44Z"
                             description="Runs Cucumber Feature" data-provider="features"
                             finished-at="2021-10-21T17:26:46Z">
                    <params>
                        <param index="0">
                            <value>
                                <![CDATA[Update User Feature]]>
                            </value>
                        </param>
                    </params>
                    <reporter-output>
                    </reporter-output>
                </test-method> <!-- feature -->
                <test-method status="PASS"
                             signature="tearDownClass()[pri:0, instance:cucumber.Runner.TestRunner@77cd7a0]"
                             name="tearDownClass" is-config="true" duration-ms="204" started-at="2021-10-21T17:26:46Z"
                             finished-at="2021-10-21T17:26:47Z">
                    <reporter-output>
                    </reporter-output>
                </test-method> <!-- tearDownClass -->
            </class> <!-- cucumber.Runner.TestRunner -->
        </test> <!-- Default test -->
    </suite> <!-- Default suite -->
</testng-results>
